<?xml version="1.0" encoding="UTF-8"?>
<!-- Generated by org.testng.reporters.JUnitReportReporter -->
<testsuite hostname="DESKTOP-M6L6L48" failures="0" tests="2" name="Flipkart" time="100.837" errors="0" timestamp="11 Oct 2022 07:10:32 GMT">
  <testcase classname="Flipkart" name="testsearchfirefox" time="68.047"/>
  <testcase classname="Flipkart" name="testSearchchrome" time="32.790"/>
</testsuite> <!-- Flipkart -->
