<?xml version="1.0" encoding="UTF-8"?>
<!-- Generated by org.testng.reporters.JUnitReportReporter -->
<testsuite hostname="DESKTOP-M6L6L48" failures="0" tests="2" name="com.capstone.AadharRegister" time="9.263" errors="0" timestamp="2022-10-14T07:15:04 IST" skipped="0">
  <testcase classname="com.capstone.AadharRegister" name="TestHome" time="7.869"/>
  <system-out/>
  <testcase classname="com.capstone.AadharRegister" name="ChromeBrowser" time="1.394"/>
  <system-out/>
</testsuite> <!-- com.capstone.AadharRegister -->
