<?xml version="1.0" encoding="UTF-8"?>
<!-- Generated by org.testng.reporters.JUnitReportReporter -->
<testsuite hostname="DESKTOP-M6L6L48" failures="0" tests="2" name="com.capstone.AadharCitizen" time="13.071" errors="0" timestamp="2022-10-14T07:15:04 IST" skipped="0">
  <testcase classname="com.capstone.AadharCitizen" name="CitizenCheck" time="10.377"/>
  <system-out/>
  <testcase classname="com.capstone.AadharCitizen" name="ChromeBrowser" time="2.694"/>
  <system-out/>
</testsuite> <!-- com.capstone.AadharCitizen -->
